-------------------------------------------------------------------------------
Test set: TestSuite
-------------------------------------------------------------------------------
Tests run: 5, Failures: 1, Errors: 0, Skipped: 1, Time elapsed: 47.151 sec <<< FAILURE!
loginPageLogoTest(com.example.automationdemo.testcases.UserPageTest)  Time elapsed: 0.009 sec  <<< FAILURE!
java.lang.NullPointerException: Cannot invoke "com.example.automationdemo.pages.UserPage.clickOnUser()" because "this.userPage" is null
	at com.example.automationdemo.testcases.UserPageTest.loginPageLogoTest(UserPageTest.java:29)

